{"level":"info","message":"info","service":"user-service","timestamp":"2022-08-02T08:49:19.261Z"}
{"level":"warn","message":"warn","service":"user-service","timestamp":"2022-08-02T08:49:19.266Z"}
{"level":"error","message":"error","service":"user-service","timestamp":"2022-08-02T08:49:19.267Z"}
{"level":"info","message":"info","service":"user-service","timestamp":"2022-08-02T08:49:57.377Z"}
{"level":"warn","message":"warn","service":"user-service","timestamp":"2022-08-02T08:49:57.385Z"}
{"level":"error","message":"error","service":"user-service","timestamp":"2022-08-02T08:49:57.387Z"}
{"level":"info","message":"info","service":"user-service","timestamp":"2022-08-17T13:30:57.713Z"}
{"level":"warn","message":"warn","service":"user-service","timestamp":"2022-08-17T13:30:57.717Z"}
{"level":"error","message":"error","service":"user-service","timestamp":"2022-08-17T13:30:57.717Z"}
{"level":"info","message":"info","service":"user-service","timestamp":"2022-08-17T13:31:22.478Z"}
{"level":"warn","message":"warn","service":"user-service","timestamp":"2022-08-17T13:31:22.480Z"}
{"level":"error","message":"error","service":"user-service","timestamp":"2022-08-17T13:31:22.483Z"}
undefined
undefined
undefined
{"level":"info","message":"info","service":"user-service","timestamp":"2022-08-17T13:31:48.700Z"}
{"level":"warn","message":"warn","service":"user-service","timestamp":"2022-08-17T13:31:48.702Z"}
{"level":"error","message":"error","service":"user-service","timestamp":"2022-08-17T13:31:48.702Z"}
{"level":"info","message":"info","service":"user-service","timestamp":"2022-08-18T10:59:37.795Z"}
{"level":"warn","message":"warn","service":"user-service","timestamp":"2022-08-18T10:59:37.798Z"}
{"level":"error","message":"error","service":"user-service","timestamp":"2022-08-18T10:59:37.799Z"}
{"level":"info","message":"info","service":"user-service","timestamp":"2022-08-18T11:00:08.903Z"}
{"level":"warn","message":"warn","service":"user-service","timestamp":"2022-08-18T11:00:08.906Z"}
{"level":"error","message":"error","service":"user-service","timestamp":"2022-08-18T11:00:08.907Z"}
{"level":"info","message":"info","service":"user-service","timestamp":"2022-08-18T11:01:16.428Z"}
{"level":"info","message":"info","service":"user-service","timestamp":"2022-08-18T11:01:42.353Z"}
{"level":"info","message":"info","service":"user-service","timestamp":"2022-08-18T11:27:59.235Z"}
{"level":"warn","message":"warn","service":"user-service","timestamp":"2022-08-18T11:27:59.238Z"}
{"level":"error","message":"error","service":"user-service","timestamp":"2022-08-18T11:27:59.240Z"}
{"level":"info","message":"info","service":"user-service","timestamp":"2022-08-18T12:12:17.689Z"}
{"level":"warn","message":"warn","service":"user-service","timestamp":"2022-08-18T12:12:17.691Z"}
{"level":"error","message":"error","service":"user-service","timestamp":"2022-08-18T12:12:17.692Z"}
{"level":"info","message":"{ \"USER\" : \"not loggedin\" , \"SESSION_ID\" : \"LWtk1LQOpvolHrb_TmoH5kYJwAZ_WPRJ\" , \"RESPONSE_CODE\" : \"200\" , \"METHORD\" : \"GET\" , \"STATUS_MESSAGE\" : \"OK\" , \"RESPONSE_CODE\": \"8ms\" , \"IP\" : \"::1\" , \"URL\" :\"/api/authcheck\" }","service":"user-service","timestamp":"2022-08-18T12:12:53.613Z"}
{"level":"warn","message":"warn","service":"user-service","timestamp":"2022-08-18T12:12:53.616Z"}
{"level":"error","message":"error","service":"user-service","timestamp":"2022-08-18T12:12:53.616Z"}
{"level":"info","message":"{ \"USER\" : \"not loggedin\" , \"SESSION_ID\" : \"LWtk1LQOpvolHrb_TmoH5kYJwAZ_WPRJ\" , \"RESPONSE_CODE\" : \"200\" , \"METHORD\" : \"GET\" , \"STATUS_MESSAGE\" : \"OK\" , \"RESPONSE_CODE\": \"8ms\" , \"IP\" : \"::1\" , \"URL\" :\"/api/authcheck\" }","service":"user-service","timestamp":"2022-08-18T12:13:22.330Z"}
{"level":"warn","message":"warn","service":"user-service","timestamp":"2022-08-18T12:13:22.333Z"}
{"level":"error","message":"error","service":"user-service","timestamp":"2022-08-18T12:13:22.333Z"}
